{
  "RSpec": {
    "coverage": {
      "/Users/georgewambold/Desktop/George/pitch_app/app/helpers/application_helper.rb": [
        1,
        null
      ],
      "/Users/georgewambold/Desktop/George/pitch_app/app/models/image.rb": [
        null,
        null,
        null,
        null,
        null,
        null,
        null,
        null,
        null,
        null,
        null,
        null,
        null,
        null,
        null,
        null,
        null,
        null,
        1,
        null,
        1,
        null,
        null
      ],
      "/Users/georgewambold/Desktop/George/pitch_app/app/models/like.rb": [
        null,
        null,
        null,
        null,
        null,
        null,
        null,
        null,
        null,
        null,
        null,
        null,
        null,
        null,
        null,
        null,
        null,
        null,
        1,
        null,
        1,
        1,
        null,
        null
      ],
      "/Users/georgewambold/Desktop/George/pitch_app/app/models/match.rb": [
        null,
        null,
        null,
        null,
        null,
        null,
        null,
        null,
        null,
        null,
        null,
        null,
        null,
        null,
        null,
        null,
        1,
        null
      ],
      "/Users/georgewambold/Desktop/George/pitch_app/app/models/user.rb": [
        null,
        null,
        null,
        null,
        null,
        null,
        null,
        null,
        null,
        null,
        null,
        null,
        null,
        null,
        null,
        null,
        null,
        null,
        null,
        1,
        1,
        null,
        null,
        null,
        null,
        null,
        1,
        0,
        null,
        null,
        1,
        null,
        0,
        null,
        null,
        null,
        null,
        null,
        null,
        null,
        1,
        0,
        null,
        null,
        1,
        null,
        0,
        null,
        null,
        1,
        null,
        0,
        null,
        null,
        null
      ],
      "/Users/georgewambold/Desktop/George/pitch_app/app/controllers/application_controller.rb": [
        0,
        0,
        0,
        0,
        0
      ]
    },
    "timestamp": 1454096517
  }
}
